 * Debug mode: off
[31m[1mWARNING: This is a development server. Do not use it in a production deployment. Use a production WSGI server instead.[0m
 * Running on http://127.0.0.1:5000
[33mPress CTRL+C to quit[0m
[2025-11-20 14:20:49,905] ERROR in app: Exception on /register [POST]
Traceback (most recent call last):
  File "/Users/anthonycao/financial-management-system/backend/.venv/lib/python3.9/site-packages/supabase_auth/_sync/gotrue_base_api.py", line 120, in _request
    response.raise_for_status()
  File "/Users/anthonycao/financial-management-system/backend/.venv/lib/python3.9/site-packages/httpx/_models.py", line 829, in raise_for_status
    raise HTTPStatusError(message, request=request, response=self)
httpx.HTTPStatusError: Client error '403 Forbidden' for url 'https://cfvebwtzaucmvhuqjsgc.supabase.co/auth/v1/user'
For more information check: https://developer.mozilla.org/en-US/docs/Web/HTTP/Status/403

During handling of the above exception, another exception occurred:

Traceback (most recent call last):
  File "/Users/anthonycao/financial-management-system/backend/.venv/lib/python3.9/site-packages/flask/app.py", line 1511, in wsgi_app
    response = self.full_dispatch_request()
  File "/Users/anthonycao/financial-management-system/backend/.venv/lib/python3.9/site-packages/flask/app.py", line 919, in full_dispatch_request
    rv = self.handle_user_exception(e)
  File "/Users/anthonycao/financial-management-system/backend/.venv/lib/python3.9/site-packages/flask_cors/extension.py", line 165, in wrapped_function
    return cors_after_request(app.make_response(f(*args, **kwargs)))
  File "/Users/anthonycao/financial-management-system/backend/.venv/lib/python3.9/site-packages/flask/app.py", line 917, in full_dispatch_request
    rv = self.dispatch_request()
  File "/Users/anthonycao/financial-management-system/backend/.venv/lib/python3.9/site-packages/flask/app.py", line 902, in dispatch_request
    return self.ensure_sync(self.view_functions[rule.endpoint])(**view_args)  # type: ignore[no-any-return]
  File "/Users/anthonycao/financial-management-system/backend/routes/users.py", line 14, in register_user
    user = supabase.auth.get_user(token).user
  File "/Users/anthonycao/financial-management-system/backend/.venv/lib/python3.9/site-packages/supabase_auth/_sync/gotrue_client.py", line 647, in get_user
    return self._request("GET", "user", jwt=jwt, xform=parse_user_response)
  File "/Users/anthonycao/financial-management-system/backend/.venv/lib/python3.9/site-packages/supabase_auth/_sync/gotrue_base_api.py", line 125, in _request
    raise handle_exception(e)
supabase_auth.errors.AuthApiError: invalid JWT: unable to parse or verify signature, token has invalid claims: token is expired
127.0.0.1 - - [20/Nov/2025 14:20:49] "[35m[1mPOST /register HTTP/1.1[0m" 500 -
[2025-11-20 14:22:31,002] ERROR in app: Exception on /register [POST]
Traceback (most recent call last):
  File "/Users/anthonycao/financial-management-system/backend/.venv/lib/python3.9/site-packages/supabase_auth/_sync/gotrue_base_api.py", line 120, in _request
    response.raise_for_status()
  File "/Users/anthonycao/financial-management-system/backend/.venv/lib/python3.9/site-packages/httpx/_models.py", line 829, in raise_for_status
    raise HTTPStatusError(message, request=request, response=self)
httpx.HTTPStatusError: Client error '403 Forbidden' for url 'https://cfvebwtzaucmvhuqjsgc.supabase.co/auth/v1/user'
For more information check: https://developer.mozilla.org/en-US/docs/Web/HTTP/Status/403

During handling of the above exception, another exception occurred:

Traceback (most recent call last):
  File "/Users/anthonycao/financial-management-system/backend/.venv/lib/python3.9/site-packages/flask/app.py", line 1511, in wsgi_app
    response = self.full_dispatch_request()
  File "/Users/anthonycao/financial-management-system/backend/.venv/lib/python3.9/site-packages/flask/app.py", line 919, in full_dispatch_request
    rv = self.handle_user_exception(e)
  File "/Users/anthonycao/financial-management-system/backend/.venv/lib/python3.9/site-packages/flask_cors/extension.py", line 165, in wrapped_function
    return cors_after_request(app.make_response(f(*args, **kwargs)))
  File "/Users/anthonycao/financial-management-system/backend/.venv/lib/python3.9/site-packages/flask/app.py", line 917, in full_dispatch_request
    rv = self.dispatch_request()
  File "/Users/anthonycao/financial-management-system/backend/.venv/lib/python3.9/site-packages/flask/app.py", line 902, in dispatch_request
    return self.ensure_sync(self.view_functions[rule.endpoint])(**view_args)  # type: ignore[no-any-return]
  File "/Users/anthonycao/financial-management-system/backend/routes/users.py", line 14, in register_user
    user = supabase.auth.get_user(token).user
  File "/Users/anthonycao/financial-management-system/backend/.venv/lib/python3.9/site-packages/supabase_auth/_sync/gotrue_client.py", line 647, in get_user
    return self._request("GET", "user", jwt=jwt, xform=parse_user_response)
  File "/Users/anthonycao/financial-management-system/backend/.venv/lib/python3.9/site-packages/supabase_auth/_sync/gotrue_base_api.py", line 125, in _request
    raise handle_exception(e)
supabase_auth.errors.AuthApiError: invalid JWT: unable to parse or verify signature, token is malformed: token contains an invalid number of segments
127.0.0.1 - - [20/Nov/2025 14:22:31] "[35m[1mPOST /register HTTP/1.1[0m" 500 -
[2025-11-20 14:22:40,374] ERROR in app: Exception on /register [POST]
Traceback (most recent call last):
  File "/Users/anthonycao/financial-management-system/backend/.venv/lib/python3.9/site-packages/supabase_auth/_sync/gotrue_base_api.py", line 120, in _request
    response.raise_for_status()
  File "/Users/anthonycao/financial-management-system/backend/.venv/lib/python3.9/site-packages/httpx/_models.py", line 829, in raise_for_status
    raise HTTPStatusError(message, request=request, response=self)
httpx.HTTPStatusError: Client error '403 Forbidden' for url 'https://cfvebwtzaucmvhuqjsgc.supabase.co/auth/v1/user'
For more information check: https://developer.mozilla.org/en-US/docs/Web/HTTP/Status/403

During handling of the above exception, another exception occurred:

Traceback (most recent call last):
  File "/Users/anthonycao/financial-management-system/backend/.venv/lib/python3.9/site-packages/flask/app.py", line 1511, in wsgi_app
    response = self.full_dispatch_request()
  File "/Users/anthonycao/financial-management-system/backend/.venv/lib/python3.9/site-packages/flask/app.py", line 919, in full_dispatch_request
    rv = self.handle_user_exception(e)
  File "/Users/anthonycao/financial-management-system/backend/.venv/lib/python3.9/site-packages/flask_cors/extension.py", line 165, in wrapped_function
    return cors_after_request(app.make_response(f(*args, **kwargs)))
  File "/Users/anthonycao/financial-management-system/backend/.venv/lib/python3.9/site-packages/flask/app.py", line 917, in full_dispatch_request
    rv = self.dispatch_request()
  File "/Users/anthonycao/financial-management-system/backend/.venv/lib/python3.9/site-packages/flask/app.py", line 902, in dispatch_request
    return self.ensure_sync(self.view_functions[rule.endpoint])(**view_args)  # type: ignore[no-any-return]
  File "/Users/anthonycao/financial-management-system/backend/routes/users.py", line 14, in register_user
    user = supabase.auth.get_user(token).user
  File "/Users/anthonycao/financial-management-system/backend/.venv/lib/python3.9/site-packages/supabase_auth/_sync/gotrue_client.py", line 647, in get_user
    return self._request("GET", "user", jwt=jwt, xform=parse_user_response)
  File "/Users/anthonycao/financial-management-system/backend/.venv/lib/python3.9/site-packages/supabase_auth/_sync/gotrue_base_api.py", line 125, in _request
    raise handle_exception(e)
supabase_auth.errors.AuthApiError: invalid JWT: unable to parse or verify signature, token is malformed: token contains an invalid number of segments
127.0.0.1 - - [20/Nov/2025 14:22:40] "[35m[1mPOST /register HTTP/1.1[0m" 500 -
[2025-11-20 14:23:04,804] ERROR in app: Exception on /register [POST]
Traceback (most recent call last):
  File "/Users/anthonycao/financial-management-system/backend/.venv/lib/python3.9/site-packages/supabase_auth/_sync/gotrue_base_api.py", line 120, in _request
    response.raise_for_status()
  File "/Users/anthonycao/financial-management-system/backend/.venv/lib/python3.9/site-packages/httpx/_models.py", line 829, in raise_for_status
    raise HTTPStatusError(message, request=request, response=self)
httpx.HTTPStatusError: Client error '403 Forbidden' for url 'https://cfvebwtzaucmvhuqjsgc.supabase.co/auth/v1/user'
For more information check: https://developer.mozilla.org/en-US/docs/Web/HTTP/Status/403

During handling of the above exception, another exception occurred:

Traceback (most recent call last):
  File "/Users/anthonycao/financial-management-system/backend/.venv/lib/python3.9/site-packages/flask/app.py", line 1511, in wsgi_app
    response = self.full_dispatch_request()
  File "/Users/anthonycao/financial-management-system/backend/.venv/lib/python3.9/site-packages/flask/app.py", line 919, in full_dispatch_request
    rv = self.handle_user_exception(e)
  File "/Users/anthonycao/financial-management-system/backend/.venv/lib/python3.9/site-packages/flask_cors/extension.py", line 165, in wrapped_function
    return cors_after_request(app.make_response(f(*args, **kwargs)))
  File "/Users/anthonycao/financial-management-system/backend/.venv/lib/python3.9/site-packages/flask/app.py", line 917, in full_dispatch_request
    rv = self.dispatch_request()
  File "/Users/anthonycao/financial-management-system/backend/.venv/lib/python3.9/site-packages/flask/app.py", line 902, in dispatch_request
    return self.ensure_sync(self.view_functions[rule.endpoint])(**view_args)  # type: ignore[no-any-return]
  File "/Users/anthonycao/financial-management-system/backend/routes/users.py", line 14, in register_user
    if not token:
  File "/Users/anthonycao/financial-management-system/backend/.venv/lib/python3.9/site-packages/supabase_auth/_sync/gotrue_client.py", line 647, in get_user
    return self._request("GET", "user", jwt=jwt, xform=parse_user_response)
  File "/Users/anthonycao/financial-management-system/backend/.venv/lib/python3.9/site-packages/supabase_auth/_sync/gotrue_base_api.py", line 125, in _request
    raise handle_exception(e)
supabase_auth.errors.AuthApiError: invalid JWT: unable to parse or verify signature, token is malformed: token contains an invalid number of segments
127.0.0.1 - - [20/Nov/2025 14:23:04] "[35m[1mPOST /register HTTP/1.1[0m" 500 -
